Arguments: 
  C:\Program Files\nodejs\node.exe C:\Users\rasak\AppData\Roaming\npm\node_modules\yarn\bin\yarn.js add -D @types/styled-components @types-styled-components-react-native

PATH: 
  C:\Users\rasak\bin;C:\Program Files\Git\mingw64\bin;C:\Program Files\Git\usr\local\bin;C:\Program Files\Git\usr\bin;C:\Program Files\Git\usr\bin;C:\Program Files\Git\mingw64\bin;C:\Program Files\Git\usr\bin;C:\Users\rasak\bin;C:\Python310\Scripts;C:\Python310;C:\Program Files\Common Files\Oracle\Java\javapath;C:\Program Files (x86)\Common Files\Intel\Shared Libraries\redist\intel64\compiler;C:\Windows\system32;C:\Windows;C:\Windows\System32\Wbem;C:\Windows\System32\WindowsPowerShell\v1.0;C:\Windows\System32\OpenSSH;C:\ProgramData\chocolatey\bin;D:\Jeffs\Git\cmd;C:\Program Files (x86)\QuickTime\QTSystem;C:\Program Files\nodejs;C:\Program Files\Git\cmd;C:\Program Files (x86)\IncrediBuild;C:\Program Files\dotnet;C:\Program Files\Docker\Docker\resources\bin;C:\ProgramData\DockerDesktop\version-bin;C:\Users\rasak\AppData\Local\Programs\Python\Python38-32\Scripts;C:\Users\rasak\AppData\Local\Programs\Python\Python38-32;C:\Program Files\MySQL\MySQL Shell 8.0\bin;C:\Users\rasak\AppData\Local\Microsoft\WindowsApps;C:\Users\rasak\AppData\Local\GitHubDesktop\bin;C:\Users\rasak\AppData\Local\Programs\Microsoft VS Code\bin;C:\Users\rasak\AppData\Roaming\npm;C:\Users\rasak\.dotnet\tools;C:\Users\rasak\AppData\Local\Programs\Hyper\resources\bin;C:\Program Files\JetBrains\IntelliJ IDEA Community Edition 2022.2.2\bin;C:\Program Files\Git\usr\bin\vendor_perl;C:\Program Files\Git\usr\bin\core_perl

Yarn version: 
  1.22.19

Node version: 
  17.9.0

Platform: 
  win32 x64

Trace: 
  Error: https://registry.yarnpkg.com/@types-styled-components-react-native: Request "https://registry.yarnpkg.com/@types-styled-components-react-native" returned a 405
      at Request.params.callback [as _callback] (C:\Users\rasak\AppData\Roaming\npm\node_modules\yarn\lib\cli.js:66154:18)
      at Request.self.callback (C:\Users\rasak\AppData\Roaming\npm\node_modules\yarn\lib\cli.js:140890:22)
      at Request.emit (node:events:527:28)
      at Request.<anonymous> (C:\Users\rasak\AppData\Roaming\npm\node_modules\yarn\lib\cli.js:141862:10)
      at Request.emit (node:events:527:28)
      at IncomingMessage.<anonymous> (C:\Users\rasak\AppData\Roaming\npm\node_modules\yarn\lib\cli.js:141784:12)
      at Object.onceWrapper (node:events:641:28)
      at IncomingMessage.emit (node:events:539:35)
      at endReadableNT (node:internal/streams/readable:1345:12)
      at processTicksAndRejections (node:internal/process/task_queues:83:21)

npm manifest: 
  {
    "name": "mobile",
    "version": "1.0.0",
    "main": "node_modules/expo/AppEntry.js",
    "scripts": {
      "start": "expo start",
      "android": "expo start --android",
      "ios": "expo start --ios",
      "web": "expo start --web"
    },
    "dependencies": {
      "expo": "~47.0.6",
      "expo-status-bar": "~1.4.2",
      "react": "18.1.0",
      "react-dom": "18.1.0",
      "react-native": "0.70.5",
      "react-native-web": "~0.18.9"
    },
    "devDependencies": {
      "@babel/core": "^7.12.9",
      "@types/react": "~18.0.14",
      "@types/react-native": "~0.70.6",
      "typescript": "^4.6.3"
    },
    "private": true
  }

yarn manifest: 
  No manifest

Lockfile: 
  No lockfile
